<?xml version="1.0" encoding="utf-8"?><testsuites name="pytest tests"><testsuite name="pytest" errors="0" failures="0" skipped="0" tests="18" time="13.722" timestamp="2026-07-02T17:27:42.066738+00:00" hostname="agent-env-45b1d61a-dadd-47f2-a3ae-1b1681ea2fa6"><testcase classname="backend.tests.test_nexus_api.TestAuth" name="test_root" time="0.320" /><testcase classname="backend.tests.test_nexus_api.TestAuth" name="test_signup_and_login" time="1.236" /><testcase classname="backend.tests.test_nexus_api.TestAuth" name="test_login_bad_password" time="0.375" /><testcase classname="backend.tests.test_nexus_api.TestAuth" name="test_me_requires_token" time="0.163" /><testcase classname="backend.tests.test_nexus_api.TestAuth" name="test_me_ok" time="0.199" /><testcase classname="backend.tests.test_nexus_api.TestAuth" name="test_forgot_and_reset" time="1.477" /><testcase classname="backend.tests.test_nexus_api.TestAuth" name="test_change_password" time="1.755" /><testcase classname="backend.tests.test_nexus_api.TestAuth" name="test_google_session_invalid" time="0.242" /><testcase classname="backend.tests.test_nexus_api.TestUsers" name="test_search" time="0.199" /><testcase classname="backend.tests.test_nexus_api.TestUsers" name="test_get_user_relation_none" time="0.168" /><testcase classname="backend.tests.test_nexus_api.TestUsers" name="test_update_me" time="0.156" /><testcase classname="backend.tests.test_nexus_api.TestFriends" name="test_full_friend_flow" time="1.032" /><testcase classname="backend.tests.test_nexus_api.TestFriends" name="test_block_unblock" time="1.312" /><testcase classname="backend.tests.test_nexus_api.TestChats" name="test_chat_flow" time="1.850" /><testcase classname="backend.tests.test_nexus_api.TestStories" name="test_story_flow" time="0.962" /><testcase classname="backend.tests.test_nexus_api.TestNotifications" name="test_list_and_read" time="0.485" /><testcase classname="backend.tests.test_nexus_api.TestWebSocket" name="test_ws_connect_typing_and_message" time="1.473" /><testcase classname="backend.tests.test_nexus_api.TestWebSocket" name="test_ws_invalid_token" time="0.249" /></testsuite></testsuites>